DEPRECATED: The legacy builder is deprecated and will be removed in a future release.
            Install the buildx component to build images with BuildKit:
            https://docs.docker.com/go/buildx/

Sending build context to Docker daemon  37.89kB
Step 1/11 : FROM node:20-alpine
 ---> ccfb9f0dc7ac
Step 2/11 : ARG IMAGE_VERSION
 ---> Using cache
 ---> 6d24b9868dde
Step 3/11 : LABEL version=$IMAGE_VERSION
 ---> Using cache
 ---> 79d7702aa0a8
Step 4/11 : ENV NODE_ENV=production     PORT=3000
 ---> Using cache
 ---> 7e4713fdb351
Step 5/11 : WORKDIR /app
 ---> Using cache
 ---> 7cfed7734a65
Step 6/11 : COPY package.json package-lock.json ./
 ---> Using cache
 ---> cd0296df237c

 ------------------------------------------
Step 7/11 : RUN npm ci --omit=dev && npm cache clean --force
 ---> Using cache
 -------------------------------------------
 ---> cf5b3e6800a4
Step 8/11 : COPY . .
 ---> 10be1066f8c2
Step 9/11 : USER node
 ---> Running in e636992f006c
 ---> Removed intermediate container e636992f006c
 ---> 5e931902161b
Step 10/11 : EXPOSE 3000
 ---> Running in 8c12861d77f8
 ---> Removed intermediate container 8c12861d77f8
 ---> 584f8a75469b
Step 11/11 : CMD ["node", "server.js"]
 ---> Running in a5f415b06fe1
 ---> Removed intermediate container a5f415b06fe1
 ---> 465cf05f0010
Successfully built 465cf05f0010
Successfully tagged product-dashboard-backend4:exp1-hit
